INFO: [HLS 200-10] Running 'C:/Xilinx/Vivado/2018.3/bin/unwrapped/win64.o/vivado_hls.exe'
INFO: [HLS 200-10] For user 'alexivensky' on host 'alexivensky1668' (Windows NT_amd64 version 6.2) on Sat Mar 30 19:53:03 -0400 2024
INFO: [HLS 200-10] In directory 'C:/Users/alexivensky/ADDLabs/Lab5'
INFO: [HLS 200-10] Opening project 'C:/Users/alexivensky/ADDLabs/Lab5/Lab5'.
INFO: [HLS 200-10] Opening solution 'C:/Users/alexivensky/ADDLabs/Lab5/Lab5/solution1'.
INFO: [SYN 201-201] Setting up clock 'default' with a period of 10ns.
INFO: [HLS 200-10] Setting target device to 'xc7z020clg400-1'
INFO: [SIM 211-2] *************** CSIM start ***************
INFO: [SIM 211-4] CSIM will launch GCC as the compiler.
Cygwin WARNING:
  Couldn't compute FAST_CWD pointer.  This typically occurs if you're using
  an older Cygwin version on a newer Windows.  Please update to the latest
  available Cygwin version from https://cygwin.com/.  If the problem persists,
  please see https://cygwin.com/problems.html

   Compiling ../../../../vhls/mmult_test.cpp in debug mode
   Compiling ../../../../vhls/mmult_accel.cpp in debug mode
   Generating csim.exe
Cygwin WARNING:
  Couldn't compute FAST_CWD pointer.  This typically occurs if you're using
  an older Cygwin version on a newer Windows.  Please update to the latest
  available Cygwin version from https://cygwin.com/.  If the problem persists,
  please see https://cygwin.com/problems.html

Cygwin WARNING:
  Couldn't compute FAST_CWD pointer.  This typically occurs if you're using
  an older Cygwin version on a newer Windows.  Please update to the latest
  available Cygwin version from https://cygwin.com/.  If the problem persists,
  please see https://cygwin.com/problems.html

Cygwin WARNING:
  Couldn't compute FAST_CWD pointer.  This typically occurs if you're using
  an older Cygwin version on a newer Windows.  Please update to the latest
  available Cygwin version from https://cygwin.com/.  If the problem persists,
  please see https://cygwin.com/problems.html

Cygwin WARNING:
  Couldn't compute FAST_CWD pointer.  This typically occurs if you're using
  an older Cygwin version on a newer Windows.  Please update to the latest
  available Cygwin version from https://cygwin.com/.  If the problem persists,
  please see https://cygwin.com/problems.html

Cygwin WARNING:
  Couldn't compute FAST_CWD pointer.  This typically occurs if you're using
  an older Cygwin version on a newer Windows.  Please update to the latest
  available Cygwin version from https://cygwin.com/.  If the problem persists,
  please see https://cygwin.com/problems.html

Cygwin WARNING:
  Couldn't compute FAST_CWD pointer.  This typically occurs if you're using
  an older Cygwin version on a newer Windows.  Please update to the latest
  available Cygwin version from https://cygwin.com/.  If the problem persists,
  please see https://cygwin.com/problems.html

Cygwin WARNING:
  Couldn't compute FAST_CWD pointer.  This typically occurs if you're using
  an older Cygwin version on a newer Windows.  Please update to the latest
  available Cygwin version from https://cygwin.com/.  If the problem persists,
  please see https://cygwin.com/problems.html

In file included from C:/Xilinx/Vivado/2018.3/include/floating_point_v7_0_bitacc_cmodel.h:143:0,
                 from C:/Xilinx/Vivado/2018.3/include/hls_fpo.h:186,
                 from C:/Xilinx/Vivado/2018.3/include/hls_half.h:44,
                 from C:/Xilinx/Vivado/2018.3/include/etc/ap_private.h:90,
                 from C:/Xilinx/Vivado/2018.3/include/ap_common.h:641,
                 from C:/Xilinx/Vivado/2018.3/include/ap_int.h:54,
                 from C:/Xilinx/Vivado/2018.3/include/ap_axi_sdata.h:86,
                 from ../../../../vhls/mmult.h:3,
                 from ../../../../vhls/mmult_test.cpp:4:
C:/Xilinx/Vivado/2018.3/include/gmp.h:62:0: warning: "__GMP_LIBGMP_DLL" redefined
 #define __GMP_LIBGMP_DLL  0
 
In file included from C:/Xilinx/Vivado/2018.3/include/hls_fpo.h:186:0,
                 from C:/Xilinx/Vivado/2018.3/include/hls_half.h:44,
                 from C:/Xilinx/Vivado/2018.3/include/etc/ap_private.h:90,
                 from C:/Xilinx/Vivado/2018.3/include/ap_common.h:641,
                 from C:/Xilinx/Vivado/2018.3/include/ap_int.h:54,
                 from C:/Xilinx/Vivado/2018.3/include/ap_axi_sdata.h:86,
                 from ../../../../vhls/mmult.h:3,
                 from ../../../../vhls/mmult_test.cpp:4:
C:/Xilinx/Vivado/2018.3/include/floating_point_v7_0_bitacc_cmodel.h:135:0: note: this is the location of the previous definition
 #define __GMP_LIBGMP_DLL 1
 
Cygwin WARNING:
  Couldn't compute FAST_CWD pointer.  This typically occurs if you're using
  an older Cygwin version on a newer Windows.  Please update to the latest
  available Cygwin version from https://cygwin.com/.  If the problem persists,
  please see https://cygwin.com/problems.html

Cygwin WARNING:
  Couldn't compute FAST_CWD pointer.  This typically occurs if you're using
  an older Cygwin version on a newer Windows.  Please update to the latest
  available Cygwin version from https://cygwin.com/.  If the problem persists,
  please see https://cygwin.com/problems.html

In file included from C:/Xilinx/Vivado/2018.3/include/floating_point_v7_0_bitacc_cmodel.h:143:0,
                 from C:/Xilinx/Vivado/2018.3/include/hls_fpo.h:186,
                 from C:/Xilinx/Vivado/2018.3/include/hls_half.h:44,
                 from C:/Xilinx/Vivado/2018.3/include/etc/ap_private.h:90,
                 from C:/Xilinx/Vivado/2018.3/include/ap_common.h:641,
                 from C:/Xilinx/Vivado/2018.3/include/ap_int.h:54,
                 from C:/Xilinx/Vivado/2018.3/include/ap_axi_sdata.h:86,
                 from ../../../../vhls/mmult.h:3,
                 from ../../../../vhls/mmult_accel.cpp:4:
C:/Xilinx/Vivado/2018.3/include/gmp.h:62:0: warning: "__GMP_LIBGMP_DLL" redefined
 #define __GMP_LIBGMP_DLL  0
 
In file included from C:/Xilinx/Vivado/2018.3/include/hls_fpo.h:186:0,
                 from C:/Xilinx/Vivado/2018.3/include/hls_half.h:44,
                 from C:/Xilinx/Vivado/2018.3/include/etc/ap_private.h:90,
                 from C:/Xilinx/Vivado/2018.3/include/ap_common.h:641,
                 from C:/Xilinx/Vivado/2018.3/include/ap_int.h:54,
                 from C:/Xilinx/Vivado/2018.3/include/ap_axi_sdata.h:86,
                 from ../../../../vhls/mmult.h:3,
                 from ../../../../vhls/mmult_accel.cpp:4:
C:/Xilinx/Vivado/2018.3/include/floating_point_v7_0_bitacc_cmodel.h:135:0: note: this is the location of the previous definition
 #define __GMP_LIBGMP_DLL 1
 
Cygwin WARNING:
  Couldn't compute FAST_CWD pointer.  This typically occurs if you're using
  an older Cygwin version on a newer Windows.  Please update to the latest
  available Cygwin version from https://cygwin.com/.  If the problem persists,
  please see https://cygwin.com/problems.html

Cygwin WARNING:
  Couldn't compute FAST_CWD pointer.  This typically occurs if you're using
  an older Cygwin version on a newer Windows.  Please update to the latest
  available Cygwin version from https://cygwin.com/.  If the problem persists,
  please see https://cygwin.com/problems.html

INFO: [SIM 211-1] CSim file generation done with 0 errors.
INFO: [SIM 211-3] *************** CSIM finish ***************
